<?xml version="1.0" encoding="UTF-8"?>
<!-- Generated by org.testng.reporters.JUnitXMLReporter -->
<testsuite ignored="0" hostname="DESKTOP-ATUIG88" failures="0" tests="10" name="Test" time="159.777" errors="0" timestamp="19 Nov 2021 19:29:11 GMT">
  <testcase classname="testCases.TC2_coffeeMug" name="coffee" time="14.488"/>
  <testcase classname="testCases.TC3_Gifts" name="coffee" time="10.346"/>
  <testcase classname="testCases.TC4_GiftNote" name="GiftNote" time="17.669"/>
  <testcase classname="testCases.TC5_pincode" name="ChristmasGift" time="14.737"/>
  <testcase classname="testCases.TC6_18BdayGift" name="coffee" time="9.883"/>
  <testcase classname="testCases.TC7_Quantity" name="ChristmasGift" time="15.029"/>
  <testcase classname="testCases.TC8_AddGiftCard" name="AddGiftCard" time="10.139"/>
  <testcase classname="testCases.TC9_wishList" name="TC9_wishList" time="15.476"/>
  <testcase classname="testCases.TC10_shippingPolicy" name="coffee" time="12.02"/>
  <testcase classname="testCases.TC11_corporateGifts" name="corGifts" time="9.294"/>
</testsuite> <!-- Test -->
